c:\users\david\source\repos\virtualgamemode\gamemodehook\gamemodehook64\x64\debug\gamemodehook64.pch
c:\users\david\source\repos\virtualgamemode\gamemodehook\gamemodehook64\x64\debug\vc141.pdb
c:\users\david\source\repos\virtualgamemode\gamemodehook\gamemodehook64\x64\debug\vc141.idb
c:\users\david\source\repos\virtualgamemode\gamemodehook\gamemodehook64\x64\debug\stdafx.obj
c:\users\david\source\repos\virtualgamemode\gamemodehook\gamemodehook64\x64\debug\gamemodehook64.obj
c:\users\david\source\repos\virtualgamemode\gamemodehook\gamemodehook64\x64\debug\dllmain.obj
c:\users\david\source\repos\virtualgamemode\build\debug\gamemodehook64.lib
c:\users\david\source\repos\virtualgamemode\build\debug\gamemodehook64.exp
c:\users\david\source\repos\virtualgamemode\build\debug\gamemodehook64.ilk
c:\users\david\source\repos\virtualgamemode\build\debug\gamemodehook64.dll
c:\users\david\source\repos\virtualgamemode\build\debug\gamemodehook64.pdb
c:\users\david\source\repos\virtualgamemode\\build\debug\gamemodehook64.pdb
c:\users\david\source\repos\virtualgamemode\\build\debug\gamemodehook64.dll
c:\users\david\source\repos\virtualgamemode\\build\debug\gamemodehook64.ilk
c:\users\david\source\repos\virtualgamemode\gamemodehook\gamemodehook64\x64\debug\gamemodehook64.tlog\cl.command.1.tlog
c:\users\david\source\repos\virtualgamemode\gamemodehook\gamemodehook64\x64\debug\gamemodehook64.tlog\cl.read.1.tlog
c:\users\david\source\repos\virtualgamemode\gamemodehook\gamemodehook64\x64\debug\gamemodehook64.tlog\cl.write.1.tlog
c:\users\david\source\repos\virtualgamemode\gamemodehook\gamemodehook64\x64\debug\gamemodehook64.tlog\gamemodehook64.write.1u.tlog
c:\users\david\source\repos\virtualgamemode\gamemodehook\gamemodehook64\x64\debug\gamemodehook64.tlog\link.command.1.tlog
c:\users\david\source\repos\virtualgamemode\gamemodehook\gamemodehook64\x64\debug\gamemodehook64.tlog\link.read.1.tlog
c:\users\david\source\repos\virtualgamemode\gamemodehook\gamemodehook64\x64\debug\gamemodehook64.tlog\link.write.1.tlog
