c:\users\david\source\repos\virtualgamemode\gamemodehook\gamemodehook32\debug\gamemodehook32.pch
c:\users\david\source\repos\virtualgamemode\gamemodehook\gamemodehook32\debug\vc141.pdb
c:\users\david\source\repos\virtualgamemode\gamemodehook\gamemodehook32\debug\vc141.idb
c:\users\david\source\repos\virtualgamemode\gamemodehook\gamemodehook32\debug\stdafx.obj
c:\users\david\source\repos\virtualgamemode\gamemodehook\gamemodehook32\debug\gamemodehook32.obj
c:\users\david\source\repos\virtualgamemode\gamemodehook\gamemodehook32\debug\dllmain.obj
c:\users\david\source\repos\virtualgamemode\build\debug\gamemodehook32.lib
c:\users\david\source\repos\virtualgamemode\build\debug\gamemodehook32.exp
c:\users\david\source\repos\virtualgamemode\build\debug\gamemodehook32.ilk
c:\users\david\source\repos\virtualgamemode\build\debug\gamemodehook32.dll
c:\users\david\source\repos\virtualgamemode\build\debug\gamemodehook32.pdb
c:\users\david\source\repos\virtualgamemode\\build\debug\gamemodehook32.pdb
c:\users\david\source\repos\virtualgamemode\\build\debug\gamemodehook32.dll
c:\users\david\source\repos\virtualgamemode\\build\debug\gamemodehook32.ilk
c:\users\david\source\repos\virtualgamemode\gamemodehook\gamemodehook32\debug\gamemodehook32.tlog\cl.command.1.tlog
c:\users\david\source\repos\virtualgamemode\gamemodehook\gamemodehook32\debug\gamemodehook32.tlog\cl.read.1.tlog
c:\users\david\source\repos\virtualgamemode\gamemodehook\gamemodehook32\debug\gamemodehook32.tlog\cl.write.1.tlog
c:\users\david\source\repos\virtualgamemode\gamemodehook\gamemodehook32\debug\gamemodehook32.tlog\gamemodehook32.write.1u.tlog
c:\users\david\source\repos\virtualgamemode\gamemodehook\gamemodehook32\debug\gamemodehook32.tlog\link.command.1.tlog
c:\users\david\source\repos\virtualgamemode\gamemodehook\gamemodehook32\debug\gamemodehook32.tlog\link.read.1.tlog
c:\users\david\source\repos\virtualgamemode\gamemodehook\gamemodehook32\debug\gamemodehook32.tlog\link.write.1.tlog
